1705370975.470955 client started (51007): version 3.2a, socket /tmp/tmux-1000/default, protocol 8
1705370975.470979 on Linux 6.5.0-14-generic #14~22.04.1-Ubuntu SMP PREEMPT_DYNAMIC Mon Nov 20 18:15:30 UTC 2
1705370975.470984 using libevent 2.1.12-stable (poll); ncurses 6.3
1705370975.470999 flags are 0x18010000
1705370975.471002 socket is /tmp/tmux-1000/default
1705370975.471013 trying connect
1705370975.471027 connect failed: No such file or directory
1705370975.471034 lock file is /tmp/tmux-1000/default.lock
1705370975.471049 flock succeeded
1705370975.471052 got lock (6)
1705370975.471056 trying connect
1705370975.471062 connect failed: No such file or directory
1705370975.471293 add peer 0x55d05aa00fc0: 7 ((nil))
1705370975.471657 sending message 100 to peer 0x55d05aa00fc0 (4 bytes)
1705370975.471664 sending message 111 to peer 0x55d05aa00fc0 (8 bytes)
1705370975.471667 sending message 101 to peer 0x55d05aa00fc0 (15 bytes)
1705370975.471670 sending message 109 to peer 0x55d05aa00fc0 (4 bytes)
1705370975.471673 sending message 102 to peer 0x55d05aa00fc0 (11 bytes)
1705370975.471679 sending message 108 to peer 0x55d05aa00fc0 (26 bytes)
1705370975.471682 sending message 112 to peer 0x55d05aa00fc0 (58 bytes)
1705370975.471686 sending message 112 to peer 0x55d05aa00fc0 (5 bytes)
1705370975.471689 sending message 112 to peer 0x55d05aa00fc0 (5 bytes)
1705370975.471692 sending message 112 to peer 0x55d05aa00fc0 (6 bytes)
1705370975.471695 sending message 112 to peer 0x55d05aa00fc0 (6 bytes)
1705370975.471698 sending message 112 to peer 0x55d05aa00fc0 (11 bytes)
1705370975.471701 sending message 112 to peer 0x55d05aa00fc0 (10 bytes)
1705370975.471704 sending message 112 to peer 0x55d05aa00fc0 (13 bytes)
1705370975.471707 sending message 112 to peer 0x55d05aa00fc0 (14 bytes)
1705370975.471710 sending message 112 to peer 0x55d05aa00fc0 (19 bytes)
1705370975.471713 sending message 112 to peer 0x55d05aa00fc0 (11 bytes)
1705370975.471716 sending message 112 to peer 0x55d05aa00fc0 (10 bytes)
1705370975.471718 sending message 112 to peer 0x55d05aa00fc0 (15 bytes)
1705370975.471721 sending message 112 to peer 0x55d05aa00fc0 (21 bytes)
1705370975.471724 sending message 112 to peer 0x55d05aa00fc0 (13 bytes)
1705370975.471727 sending message 112 to peer 0x55d05aa00fc0 (7 bytes)
1705370975.471730 sending message 112 to peer 0x55d05aa00fc0 (13 bytes)
1705370975.471733 sending message 112 to peer 0x55d05aa00fc0 (7 bytes)
1705370975.471736 sending message 112 to peer 0x55d05aa00fc0 (13 bytes)
1705370975.471739 sending message 112 to peer 0x55d05aa00fc0 (9 bytes)
1705370975.471742 sending message 112 to peer 0x55d05aa00fc0 (21 bytes)
1705370975.471745 sending message 112 to peer 0x55d05aa00fc0 (13 bytes)
1705370975.471748 sending message 112 to peer 0x55d05aa00fc0 (9 bytes)
1705370975.471751 sending message 112 to peer 0x55d05aa00fc0 (16 bytes)
1705370975.471754 sending message 112 to peer 0x55d05aa00fc0 (13 bytes)
1705370975.471757 sending message 112 to peer 0x55d05aa00fc0 (9 bytes)
1705370975.471760 sending message 112 to peer 0x55d05aa00fc0 (9 bytes)
1705370975.471763 sending message 112 to peer 0x55d05aa00fc0 (12 bytes)
1705370975.471766 sending message 112 to peer 0x55d05aa00fc0 (8 bytes)
1705370975.471769 sending message 112 to peer 0x55d05aa00fc0 (8 bytes)
1705370975.471772 sending message 112 to peer 0x55d05aa00fc0 (13 bytes)
1705370975.471774 sending message 112 to peer 0x55d05aa00fc0 (7 bytes)
1705370975.471777 sending message 112 to peer 0x55d05aa00fc0 (7 bytes)
1705370975.471780 sending message 112 to peer 0x55d05aa00fc0 (9 bytes)
1705370975.471783 sending message 112 to peer 0x55d05aa00fc0 (9 bytes)
1705370975.471786 sending message 112 to peer 0x55d05aa00fc0 (15 bytes)
1705370975.471789 sending message 112 to peer 0x55d05aa00fc0 (13 bytes)
1705370975.471792 sending message 112 to peer 0x55d05aa00fc0 (12 bytes)
1705370975.471795 sending message 112 to peer 0x55d05aa00fc0 (8 bytes)
1705370975.471798 sending message 112 to peer 0x55d05aa00fc0 (14 bytes)
1705370975.471801 sending message 112 to peer 0x55d05aa00fc0 (11 bytes)
1705370975.471804 sending message 112 to peer 0x55d05aa00fc0 (9 bytes)
1705370975.471815 sending message 112 to peer 0x55d05aa00fc0 (10 bytes)
1705370975.471818 sending message 112 to peer 0x55d05aa00fc0 (10 bytes)
1705370975.471821 sending message 112 to peer 0x55d05aa00fc0 (10 bytes)
1705370975.471824 sending message 112 to peer 0x55d05aa00fc0 (10 bytes)
1705370975.471827 sending message 112 to peer 0x55d05aa00fc0 (11 bytes)
1705370975.471830 sending message 112 to peer 0x55d05aa00fc0 (12 bytes)
1705370975.471833 sending message 112 to peer 0x55d05aa00fc0 (12 bytes)
1705370975.471836 sending message 112 to peer 0x55d05aa00fc0 (12 bytes)
1705370975.471839 sending message 112 to peer 0x55d05aa00fc0 (12 bytes)
1705370975.471842 sending message 112 to peer 0x55d05aa00fc0 (12 bytes)
1705370975.471845 sending message 112 to peer 0x55d05aa00fc0 (11 bytes)
1705370975.471848 sending message 112 to peer 0x55d05aa00fc0 (11 bytes)
1705370975.471851 sending message 112 to peer 0x55d05aa00fc0 (12 bytes)
1705370975.471854 sending message 112 to peer 0x55d05aa00fc0 (12 bytes)
1705370975.471856 sending message 112 to peer 0x55d05aa00fc0 (12 bytes)
1705370975.471859 sending message 112 to peer 0x55d05aa00fc0 (12 bytes)
1705370975.471862 sending message 112 to peer 0x55d05aa00fc0 (12 bytes)
1705370975.471865 sending message 112 to peer 0x55d05aa00fc0 (9 bytes)
1705370975.471868 sending message 112 to peer 0x55d05aa00fc0 (12 bytes)
1705370975.471871 sending message 112 to peer 0x55d05aa00fc0 (13 bytes)
1705370975.471874 sending message 112 to peer 0x55d05aa00fc0 (13 bytes)
1705370975.471876 sending message 112 to peer 0x55d05aa00fc0 (13 bytes)
1705370975.471879 sending message 112 to peer 0x55d05aa00fc0 (13 bytes)
1705370975.471882 sending message 112 to peer 0x55d05aa00fc0 (13 bytes)
1705370975.471885 sending message 112 to peer 0x55d05aa00fc0 (8 bytes)
1705370975.471888 sending message 112 to peer 0x55d05aa00fc0 (11 bytes)
1705370975.471891 sending message 112 to peer 0x55d05aa00fc0 (11 bytes)
1705370975.471894 sending message 112 to peer 0x55d05aa00fc0 (11 bytes)
1705370975.471897 sending message 112 to peer 0x55d05aa00fc0 (12 bytes)
1705370975.471900 sending message 112 to peer 0x55d05aa00fc0 (12 bytes)
1705370975.471903 sending message 112 to peer 0x55d05aa00fc0 (12 bytes)
1705370975.471906 sending message 112 to peer 0x55d05aa00fc0 (12 bytes)
1705370975.471908 sending message 112 to peer 0x55d05aa00fc0 (13 bytes)
1705370975.471911 sending message 112 to peer 0x55d05aa00fc0 (13 bytes)
1705370975.471914 sending message 112 to peer 0x55d05aa00fc0 (13 bytes)
1705370975.471917 sending message 112 to peer 0x55d05aa00fc0 (8 bytes)
1705370975.471920 sending message 112 to peer 0x55d05aa00fc0 (13 bytes)
1705370975.471923 sending message 112 to peer 0x55d05aa00fc0 (13 bytes)
1705370975.471926 sending message 112 to peer 0x55d05aa00fc0 (13 bytes)
1705370975.471928 sending message 112 to peer 0x55d05aa00fc0 (13 bytes)
1705370975.471931 sending message 112 to peer 0x55d05aa00fc0 (13 bytes)
1705370975.471934 sending message 112 to peer 0x55d05aa00fc0 (12 bytes)
1705370975.471937 sending message 112 to peer 0x55d05aa00fc0 (12 bytes)
1705370975.471940 sending message 112 to peer 0x55d05aa00fc0 (12 bytes)
1705370975.471942 sending message 112 to peer 0x55d05aa00fc0 (12 bytes)
1705370975.471945 sending message 112 to peer 0x55d05aa00fc0 (13 bytes)
1705370975.471948 sending message 112 to peer 0x55d05aa00fc0 (8 bytes)
1705370975.471951 sending message 112 to peer 0x55d05aa00fc0 (13 bytes)
1705370975.471954 sending message 112 to peer 0x55d05aa00fc0 (13 bytes)
1705370975.471957 sending message 112 to peer 0x55d05aa00fc0 (13 bytes)
1705370975.471960 sending message 112 to peer 0x55d05aa00fc0 (13 bytes)
1705370975.471962 sending message 112 to peer 0x55d05aa00fc0 (13 bytes)
1705370975.471965 sending message 112 to peer 0x55d05aa00fc0 (13 bytes)
1705370975.471968 sending message 112 to peer 0x55d05aa00fc0 (13 bytes)
1705370975.471971 sending message 112 to peer 0x55d05aa00fc0 (12 bytes)
1705370975.471975 sending message 112 to peer 0x55d05aa00fc0 (12 bytes)
1705370975.471978 sending message 112 to peer 0x55d05aa00fc0 (12 bytes)
1705370975.471985 sending message 112 to peer 0x55d05aa00fc0 (8 bytes)
1705370975.471988 sending message 112 to peer 0x55d05aa00fc0 (12 bytes)
1705370975.471991 sending message 112 to peer 0x55d05aa00fc0 (13 bytes)
1705370975.471995 sending message 112 to peer 0x55d05aa00fc0 (13 bytes)
1705370975.471999 sending message 112 to peer 0x55d05aa00fc0 (13 bytes)
1705370975.472002 sending message 112 to peer 0x55d05aa00fc0 (13 bytes)
1705370975.472005 sending message 112 to peer 0x55d05aa00fc0 (13 bytes)
1705370975.472008 sending message 112 to peer 0x55d05aa00fc0 (13 bytes)
1705370975.472012 sending message 112 to peer 0x55d05aa00fc0 (13 bytes)
1705370975.472015 sending message 112 to peer 0x55d05aa00fc0 (13 bytes)
1705370975.472018 sending message 112 to peer 0x55d05aa00fc0 (12 bytes)
1705370975.472021 sending message 112 to peer 0x55d05aa00fc0 (10 bytes)
1705370975.472024 sending message 112 to peer 0x55d05aa00fc0 (12 bytes)
1705370975.472028 sending message 112 to peer 0x55d05aa00fc0 (12 bytes)
1705370975.472031 sending message 112 to peer 0x55d05aa00fc0 (12 bytes)
1705370975.472033 sending message 112 to peer 0x55d05aa00fc0 (13 bytes)
1705370975.472037 sending message 112 to peer 0x55d05aa00fc0 (13 bytes)
1705370975.472040 sending message 112 to peer 0x55d05aa00fc0 (13 bytes)
1705370975.472043 sending message 112 to peer 0x55d05aa00fc0 (13 bytes)
1705370975.472047 sending message 112 to peer 0x55d05aa00fc0 (13 bytes)
1705370975.472050 sending message 112 to peer 0x55d05aa00fc0 (13 bytes)
1705370975.472053 sending message 112 to peer 0x55d05aa00fc0 (13 bytes)
1705370975.472056 sending message 112 to peer 0x55d05aa00fc0 (10 bytes)
1705370975.472059 sending message 112 to peer 0x55d05aa00fc0 (13 bytes)
1705370975.472063 sending message 112 to peer 0x55d05aa00fc0 (12 bytes)
1705370975.472066 sending message 112 to peer 0x55d05aa00fc0 (12 bytes)
1705370975.472069 sending message 112 to peer 0x55d05aa00fc0 (12 bytes)
1705370975.472072 sending message 112 to peer 0x55d05aa00fc0 (10 bytes)
1705370975.472075 sending message 112 to peer 0x55d05aa00fc0 (10 bytes)
1705370975.472078 sending message 112 to peer 0x55d05aa00fc0 (10 bytes)
1705370975.472081 sending message 112 to peer 0x55d05aa00fc0 (12 bytes)
1705370975.472085 sending message 112 to peer 0x55d05aa00fc0 (13 bytes)
1705370975.472088 sending message 112 to peer 0x55d05aa00fc0 (13 bytes)
1705370975.472091 sending message 112 to peer 0x55d05aa00fc0 (13 bytes)
1705370975.472094 sending message 112 to peer 0x55d05aa00fc0 (13 bytes)
1705370975.472097 sending message 112 to peer 0x55d05aa00fc0 (13 bytes)
1705370975.472101 sending message 112 to peer 0x55d05aa00fc0 (10 bytes)
1705370975.472104 sending message 112 to peer 0x55d05aa00fc0 (11 bytes)
1705370975.472107 sending message 112 to peer 0x55d05aa00fc0 (12 bytes)
1705370975.472110 sending message 112 to peer 0x55d05aa00fc0 (12 bytes)
1705370975.472113 sending message 112 to peer 0x55d05aa00fc0 (12 bytes)
1705370975.472116 sending message 112 to peer 0x55d05aa00fc0 (12 bytes)
1705370975.472119 sending message 112 to peer 0x55d05aa00fc0 (12 bytes)
1705370975.472122 sending message 112 to peer 0x55d05aa00fc0 (11 bytes)
1705370975.472125 sending message 112 to peer 0x55d05aa00fc0 (12 bytes)
1705370975.472128 sending message 112 to peer 0x55d05aa00fc0 (12 bytes)
1705370975.472131 sending message 112 to peer 0x55d05aa00fc0 (13 bytes)
1705370975.472134 sending message 112 to peer 0x55d05aa00fc0 (13 bytes)
1705370975.472137 sending message 112 to peer 0x55d05aa00fc0 (13 bytes)
1705370975.472141 sending message 112 to peer 0x55d05aa00fc0 (13 bytes)
1705370975.472144 sending message 112 to peer 0x55d05aa00fc0 (13 bytes)
1705370975.472147 sending message 112 to peer 0x55d05aa00fc0 (10 bytes)
1705370975.472199 sending message 112 to peer 0x55d05aa00fc0 (9 bytes)
1705370975.472205 sending message 112 to peer 0x55d05aa00fc0 (12 bytes)
1705370975.472208 sending message 112 to peer 0x55d05aa00fc0 (13 bytes)
1705370975.472211 sending message 112 to peer 0x55d05aa00fc0 (13 bytes)
1705370975.472218 sending message 112 to peer 0x55d05aa00fc0 (13 bytes)
1705370975.472221 sending message 112 to peer 0x55d05aa00fc0 (13 bytes)
1705370975.472224 sending message 112 to peer 0x55d05aa00fc0 (13 bytes)
1705370975.472227 sending message 112 to peer 0x55d05aa00fc0 (9 bytes)
1705370975.472231 sending message 112 to peer 0x55d05aa00fc0 (12 bytes)
1705370975.472248 sending message 112 to peer 0x55d05aa00fc0 (13 bytes)
1705370975.472254 sending message 112 to peer 0x55d05aa00fc0 (13 bytes)
1705370975.472257 sending message 112 to peer 0x55d05aa00fc0 (13 bytes)
1705370975.472260 sending message 112 to peer 0x55d05aa00fc0 (13 bytes)
1705370975.472264 sending message 112 to peer 0x55d05aa00fc0 (13 bytes)
1705370975.472267 sending message 112 to peer 0x55d05aa00fc0 (11 bytes)
1705370975.472270 sending message 112 to peer 0x55d05aa00fc0 (12 bytes)
1705370975.472273 sending message 112 to peer 0x55d05aa00fc0 (13 bytes)
1705370975.472277 sending message 112 to peer 0x55d05aa00fc0 (13 bytes)
1705370975.472280 sending message 112 to peer 0x55d05aa00fc0 (13 bytes)
1705370975.472284 sending message 112 to peer 0x55d05aa00fc0 (13 bytes)
1705370975.472288 sending message 112 to peer 0x55d05aa00fc0 (13 bytes)
1705370975.472291 sending message 112 to peer 0x55d05aa00fc0 (11 bytes)
1705370975.472294 sending message 112 to peer 0x55d05aa00fc0 (12 bytes)
1705370975.472297 sending message 112 to peer 0x55d05aa00fc0 (12 bytes)
1705370975.472301 sending message 112 to peer 0x55d05aa00fc0 (12 bytes)
1705370975.472304 sending message 112 to peer 0x55d05aa00fc0 (12 bytes)
1705370975.472307 sending message 112 to peer 0x55d05aa00fc0 (12 bytes)
1705370975.472310 sending message 112 to peer 0x55d05aa00fc0 (21 bytes)
1705370975.472313 sending message 112 to peer 0x55d05aa00fc0 (12 bytes)
1705370975.472317 sending message 112 to peer 0x55d05aa00fc0 (9 bytes)
1705370975.472320 sending message 112 to peer 0x55d05aa00fc0 (6 bytes)
1705370975.472323 sending message 112 to peer 0x55d05aa00fc0 (13 bytes)
1705370975.472326 sending message 112 to peer 0x55d05aa00fc0 (10 bytes)
1705370975.472330 sending message 112 to peer 0x55d05aa00fc0 (24 bytes)
1705370975.472333 sending message 112 to peer 0x55d05aa00fc0 (13 bytes)
1705370975.472337 sending message 112 to peer 0x55d05aa00fc0 (9 bytes)
1705370975.472340 sending message 112 to peer 0x55d05aa00fc0 (70 bytes)
1705370975.472343 sending message 112 to peer 0x55d05aa00fc0 (69 bytes)
1705370975.472347 sending message 112 to peer 0x55d05aa00fc0 (12 bytes)
1705370975.472350 sending message 112 to peer 0x55d05aa00fc0 (10 bytes)
1705370975.472353 sending message 112 to peer 0x55d05aa00fc0 (10 bytes)
1705370975.472357 sending message 112 to peer 0x55d05aa00fc0 (24 bytes)
1705370975.472360 sending message 112 to peer 0x55d05aa00fc0 (13 bytes)
1705370975.472363 sending message 112 to peer 0x55d05aa00fc0 (10 bytes)
1705370975.472366 sending message 112 to peer 0x55d05aa00fc0 (10 bytes)
1705370975.472369 sending message 112 to peer 0x55d05aa00fc0 (10 bytes)
1705370975.472373 sending message 112 to peer 0x55d05aa00fc0 (13 bytes)
1705370975.472376 sending message 112 to peer 0x55d05aa00fc0 (15 bytes)
1705370975.472379 sending message 112 to peer 0x55d05aa00fc0 (5 bytes)
1705370975.472383 sending message 104 to peer 0x55d05aa00fc0 (0 bytes)
1705370975.472387 sending message 110 to peer 0x55d05aa00fc0 (0 bytes)
1705370975.472390 sending message 107 to peer 0x55d05aa00fc0 (4 bytes)
1705370975.472394 sending message 105 to peer 0x55d05aa00fc0 (16 bytes)
1705370975.472397 sending message 105 to peer 0x55d05aa00fc0 (82 bytes)
1705370975.472400 sending message 105 to peer 0x55d05aa00fc0 (19 bytes)
1705370975.472404 sending message 105 to peer 0x55d05aa00fc0 (20 bytes)
1705370975.472407 sending message 105 to peer 0x55d05aa00fc0 (50 bytes)
1705370975.472410 sending message 105 to peer 0x55d05aa00fc0 (33 bytes)
1705370975.472414 sending message 105 to peer 0x55d05aa00fc0 (62 bytes)
1705370975.472417 sending message 105 to peer 0x55d05aa00fc0 (23 bytes)
1705370975.472420 sending message 105 to peer 0x55d05aa00fc0 (44 bytes)
1705370975.472429 sending message 105 to peer 0x55d05aa00fc0 (19 bytes)
1705370975.472432 sending message 105 to peer 0x55d05aa00fc0 (32 bytes)
1705370975.472435 sending message 105 to peer 0x55d05aa00fc0 (41 bytes)
1705370975.472439 sending message 105 to peer 0x55d05aa00fc0 (20 bytes)
1705370975.472442 sending message 105 to peer 0x55d05aa00fc0 (28 bytes)
1705370975.472445 sending message 105 to peer 0x55d05aa00fc0 (28 bytes)
1705370975.472449 sending message 105 to peer 0x55d05aa00fc0 (30 bytes)
1705370975.472452 sending message 105 to peer 0x55d05aa00fc0 (15 bytes)
1705370975.472455 sending message 105 to peer 0x55d05aa00fc0 (32 bytes)
1705370975.472459 sending message 105 to peer 0x55d05aa00fc0 (21 bytes)
1705370975.472462 sending message 105 to peer 0x55d05aa00fc0 (52 bytes)
1705370975.472465 sending message 105 to peer 0x55d05aa00fc0 (22 bytes)
1705370975.472468 sending message 105 to peer 0x55d05aa00fc0 (41 bytes)
1705370975.472472 sending message 105 to peer 0x55d05aa00fc0 (13 bytes)
1705370975.472475 sending message 105 to peer 0x55d05aa00fc0 (18 bytes)
1705370975.472478 sending message 105 to peer 0x55d05aa00fc0 (16 bytes)
1705370975.472482 sending message 105 to peer 0x55d05aa00fc0 (17 bytes)
1705370975.472486 sending message 105 to peer 0x55d05aa00fc0 (1519 bytes)
1705370975.472493 sending message 105 to peer 0x55d05aa00fc0 (33 bytes)
1705370975.472496 sending message 105 to peer 0x55d05aa00fc0 (17 bytes)
1705370975.472499 sending message 105 to peer 0x55d05aa00fc0 (86 bytes)
1705370975.472503 sending message 105 to peer 0x55d05aa00fc0 (26 bytes)
1705370975.472506 sending message 105 to peer 0x55d05aa00fc0 (34 bytes)
1705370975.472509 sending message 105 to peer 0x55d05aa00fc0 (23 bytes)
1705370975.472512 sending message 105 to peer 0x55d05aa00fc0 (20 bytes)
1705370975.472515 sending message 105 to peer 0x55d05aa00fc0 (32 bytes)
1705370975.472519 sending message 105 to peer 0x55d05aa00fc0 (12 bytes)
1705370975.472522 sending message 105 to peer 0x55d05aa00fc0 (30 bytes)
1705370975.472525 sending message 105 to peer 0x55d05aa00fc0 (11 bytes)
1705370975.472528 sending message 105 to peer 0x55d05aa00fc0 (8 bytes)
1705370975.472532 sending message 105 to peer 0x55d05aa00fc0 (14 bytes)
1705370975.472535 sending message 105 to peer 0x55d05aa00fc0 (18 bytes)
1705370975.472538 sending message 105 to peer 0x55d05aa00fc0 (31 bytes)
1705370975.472541 sending message 105 to peer 0x55d05aa00fc0 (107 bytes)
1705370975.472545 sending message 105 to peer 0x55d05aa00fc0 (207 bytes)
1705370975.472548 sending message 105 to peer 0x55d05aa00fc0 (23 bytes)
1705370975.472551 sending message 105 to peer 0x55d05aa00fc0 (54 bytes)
1705370975.472555 sending message 105 to peer 0x55d05aa00fc0 (53 bytes)
1705370975.472558 sending message 105 to peer 0x55d05aa00fc0 (20 bytes)
1705370975.472561 sending message 105 to peer 0x55d05aa00fc0 (16 bytes)
1705370975.472565 sending message 106 to peer 0x55d05aa00fc0 (0 bytes)
1705370975.472575 sending message 200 to peer 0x55d05aa00fc0 (4 bytes)
1705370975.472579 client loop enter
1705370975.472621 client_signal: Child exited
1705370975.506871 peer 0x55d05aa00fc0 message 207
1705370975.506879 sending message 208 to peer 0x55d05aa00fc0 (0 bytes)
1705370977.982061 client_signal: Window changed
1705370977.982090 sending message 208 to peer 0x55d05aa00fc0 (0 bytes)
1705370977.990562 client_signal: Window changed
1705370977.990577 sending message 208 to peer 0x55d05aa00fc0 (0 bytes)
1705370991.092113 client loop exit
